<?xml version="1.0" encoding="UTF-8"?>
<!-- Generated by org.testng.reporters.JUnitReportReporter -->
<testsuite hostname="DESKTOP-A0O6G1D" failures="0" tests="2" name="com.sdet.AppTest" time="0.048" errors="0" timestamp="13 Apr 2023 11:21:04 GMT" skipped="1">
  <testcase classname="com.sdet.AppTest" name="testlogin2" time="0.048"/>
  <testcase classname="com.sdet.AppTest" name="testlogin1">
    <skipped/>
  </testcase> <!-- testlogin1 -->
</testsuite> <!-- com.sdet.AppTest -->
