<?xml version="1.0" encoding="UTF-8"?>
<!-- Generated by org.testng.reporters.JUnitReportReporter -->
<testsuite hostname="DESKTOP-A0O6G1D" failures="0" tests="1" name="com.sdet.Selenium_Maven_tng" time="35.764" errors="0" timestamp="13 Apr 2023 10:58:27 GMT" skipped="0">
  <testcase classname="com.sdet.Selenium_Maven_tng" name="login_Test" time="35.764"/>
</testsuite> <!-- com.sdet.Selenium_Maven_tng -->
